0 info it worked if it ends with ok
1 verbose cli [ '/Users/debrenamcewen/.nvm/versions/node/v6.3.1/bin/node',
1 verbose cli   '/Users/debrenamcewen/.nvm/versions/node/v6.3.1/bin/npm',
1 verbose cli   'install',
1 verbose cli   'express-generator',
1 verbose cli   '-g' ]
2 info using npm@3.10.3
3 info using node@v6.3.1
4 silly loadCurrentTree Starting
5 silly install loadCurrentTree
6 silly install readGlobalPackageData
7 silly fetchPackageMetaData express-generator
8 silly fetchNamedPackageData express-generator
9 silly mapToRegistry name express-generator
10 silly mapToRegistry using default registry
11 silly mapToRegistry registry https://registry.npmjs.org/
12 silly mapToRegistry data Result {
12 silly mapToRegistry   raw: 'express-generator',
12 silly mapToRegistry   scope: null,
12 silly mapToRegistry   escapedName: 'express-generator',
12 silly mapToRegistry   name: 'express-generator',
12 silly mapToRegistry   rawSpec: '',
12 silly mapToRegistry   spec: 'latest',
12 silly mapToRegistry   type: 'tag' }
13 silly mapToRegistry uri https://registry.npmjs.org/express-generator
14 verbose request uri https://registry.npmjs.org/express-generator
15 verbose request no auth needed
16 info attempt registry request try #1 at 1:49:15 PM
17 verbose request id be4a7ed575ad5c51
18 verbose etag W/"5844f4e9-8dc5"
19 verbose lastModified Mon, 05 Dec 2016 05:02:33 GMT
20 http request GET https://registry.npmjs.org/express-generator
21 http 200 https://registry.npmjs.org/express-generator
22 verbose headers { server: 'nginx/1.10.1',
22 verbose headers   'content-type': 'application/json',
22 verbose headers   'last-modified': 'Thu, 30 Mar 2017 05:43:07 GMT',
22 verbose headers   etag: 'W/"58dc9aeb-9e48"',
22 verbose headers   'content-encoding': 'gzip',
22 verbose headers   'cache-control': 'max-age=300',
22 verbose headers   'content-length': '4701',
22 verbose headers   'accept-ranges': 'bytes',
22 verbose headers   date: 'Mon, 03 Apr 2017 20:49:15 GMT',
22 verbose headers   via: '1.1 varnish',
22 verbose headers   age: '167',
22 verbose headers   connection: 'keep-alive',
22 verbose headers   'x-served-by': 'cache-sjc3139-SJC',
22 verbose headers   'x-cache': 'HIT',
22 verbose headers   'x-cache-hits': '1',
22 verbose headers   'x-timer': 'S1491252555.951536,VS0,VE0',
22 verbose headers   vary: 'Accept-Encoding' }
23 silly get cb [ 200,
23 silly get   { server: 'nginx/1.10.1',
23 silly get     'content-type': 'application/json',
23 silly get     'last-modified': 'Thu, 30 Mar 2017 05:43:07 GMT',
23 silly get     etag: 'W/"58dc9aeb-9e48"',
23 silly get     'content-encoding': 'gzip',
23 silly get     'cache-control': 'max-age=300',
23 silly get     'content-length': '4701',
23 silly get     'accept-ranges': 'bytes',
23 silly get     date: 'Mon, 03 Apr 2017 20:49:15 GMT',
23 silly get     via: '1.1 varnish',
23 silly get     age: '167',
23 silly get     connection: 'keep-alive',
23 silly get     'x-served-by': 'cache-sjc3139-SJC',
23 silly get     'x-cache': 'HIT',
23 silly get     'x-cache-hits': '1',
23 silly get     'x-timer': 'S1491252555.951536,VS0,VE0',
23 silly get     vary: 'Accept-Encoding' } ]
24 verbose get saving express-generator to /Users/debrenamcewen/.npm/registry.npmjs.org/express-generator/.cache.json
25 verbose correctMkdir /Users/debrenamcewen/.npm correctMkdir not in flight; initializing
26 silly install normalizeTree
27 silly loadCurrentTree Finishing
28 silly loadIdealTree Starting
29 silly install loadIdealTree
30 silly cloneCurrentTree Starting
31 silly install cloneCurrentTreeToIdealTree
32 silly cloneCurrentTree Finishing
33 silly loadShrinkwrap Starting
34 silly install loadShrinkwrap
35 silly loadShrinkwrap Finishing
36 silly loadAllDepsIntoIdealTree Starting
37 silly install loadAllDepsIntoIdealTree
38 silly resolveWithNewModule express-generator@4.15.0 checking installable status
39 silly cache add args [ 'express-generator', null ]
40 verbose cache add spec express-generator
41 silly cache add parsed spec Result {
41 silly cache add   raw: 'express-generator',
41 silly cache add   scope: null,
41 silly cache add   escapedName: 'express-generator',
41 silly cache add   name: 'express-generator',
41 silly cache add   rawSpec: '',
41 silly cache add   spec: 'latest',
41 silly cache add   type: 'tag' }
42 silly addNamed express-generator@latest
43 verbose addNamed "latest" is being treated as a dist-tag for express-generator
44 info addNameTag [ 'express-generator', 'latest' ]
45 silly mapToRegistry name express-generator
46 silly mapToRegistry using default registry
47 silly mapToRegistry registry https://registry.npmjs.org/
48 silly mapToRegistry data Result {
48 silly mapToRegistry   raw: 'express-generator',
48 silly mapToRegistry   scope: null,
48 silly mapToRegistry   escapedName: 'express-generator',
48 silly mapToRegistry   name: 'express-generator',
48 silly mapToRegistry   rawSpec: '',
48 silly mapToRegistry   spec: 'latest',
48 silly mapToRegistry   type: 'tag' }
49 silly mapToRegistry uri https://registry.npmjs.org/express-generator
50 verbose addNameTag registry:https://registry.npmjs.org/express-generator not in flight; fetching
51 verbose get https://registry.npmjs.org/express-generator not expired, no request
52 silly addNameTag next cb for express-generator with tag latest
53 silly addNamed express-generator@4.15.0
54 verbose addNamed "4.15.0" is a plain semver version for express-generator
55 silly mapToRegistry name express-generator
56 silly mapToRegistry using default registry
57 silly mapToRegistry registry https://registry.npmjs.org/
58 silly mapToRegistry data Result {
58 silly mapToRegistry   raw: 'express-generator',
58 silly mapToRegistry   scope: null,
58 silly mapToRegistry   escapedName: 'express-generator',
58 silly mapToRegistry   name: 'express-generator',
58 silly mapToRegistry   rawSpec: '',
58 silly mapToRegistry   spec: 'latest',
58 silly mapToRegistry   type: 'tag' }
59 silly mapToRegistry uri https://registry.npmjs.org/express-generator
60 verbose addRemoteTarball https://registry.npmjs.org/express-generator/-/express-generator-4.15.0.tgz not in flight; adding
61 verbose addRemoteTarball [ 'https://registry.npmjs.org/express-generator/-/express-generator-4.15.0.tgz',
61 verbose addRemoteTarball   '81ba5ca8db9ceeaee281a08f5ad5c3f472430006' ]
62 info retry fetch attempt 1 at 1:49:16 PM
63 info attempt registry request try #1 at 1:49:16 PM
64 http fetch GET https://registry.npmjs.org/express-generator/-/express-generator-4.15.0.tgz
65 http fetch 200 https://registry.npmjs.org/express-generator/-/express-generator-4.15.0.tgz
66 silly fetchAndShaCheck shasum 81ba5ca8db9ceeaee281a08f5ad5c3f472430006
67 verbose addTmpTarball /var/folders/pv/2tqc65_9383c_5952tkxff8r0000gn/T/npm-28352-3a21bd15/registry.npmjs.org/express-generator/-/express-generator-4.15.0.tgz not in flight; adding
68 verbose addTmpTarball already have metadata; skipping unpack for express-generator@4.15.0
69 verbose correctMkdir /Users/debrenamcewen/.npm correctMkdir not in flight; initializing
70 silly cache afterAdd express-generator@4.15.0
71 verbose afterAdd /Users/debrenamcewen/.npm/express-generator/4.15.0/package/package.json not in flight; writing
72 verbose correctMkdir /Users/debrenamcewen/.npm correctMkdir not in flight; initializing
73 verbose afterAdd /Users/debrenamcewen/.npm/express-generator/4.15.0/package/package.json written
74 silly fetchNamedPackageData commander
75 silly mapToRegistry name commander
76 silly mapToRegistry using default registry
77 silly mapToRegistry registry https://registry.npmjs.org/
78 silly mapToRegistry data Result {
78 silly mapToRegistry   raw: 'commander',
78 silly mapToRegistry   scope: null,
78 silly mapToRegistry   escapedName: 'commander',
78 silly mapToRegistry   name: 'commander',
78 silly mapToRegistry   rawSpec: '',
78 silly mapToRegistry   spec: 'latest',
78 silly mapToRegistry   type: 'tag' }
79 silly mapToRegistry uri https://registry.npmjs.org/commander
80 silly fetchNamedPackageData ejs
81 silly mapToRegistry name ejs
82 silly mapToRegistry using default registry
83 silly mapToRegistry registry https://registry.npmjs.org/
84 silly mapToRegistry data Result {
84 silly mapToRegistry   raw: 'ejs',
84 silly mapToRegistry   scope: null,
84 silly mapToRegistry   escapedName: 'ejs',
84 silly mapToRegistry   name: 'ejs',
84 silly mapToRegistry   rawSpec: '',
84 silly mapToRegistry   spec: 'latest',
84 silly mapToRegistry   type: 'tag' }
85 silly mapToRegistry uri https://registry.npmjs.org/ejs
86 silly fetchNamedPackageData mkdirp
87 silly mapToRegistry name mkdirp
88 silly mapToRegistry using default registry
89 silly mapToRegistry registry https://registry.npmjs.org/
90 silly mapToRegistry data Result {
90 silly mapToRegistry   raw: 'mkdirp',
90 silly mapToRegistry   scope: null,
90 silly mapToRegistry   escapedName: 'mkdirp',
90 silly mapToRegistry   name: 'mkdirp',
90 silly mapToRegistry   rawSpec: '',
90 silly mapToRegistry   spec: 'latest',
90 silly mapToRegistry   type: 'tag' }
91 silly mapToRegistry uri https://registry.npmjs.org/mkdirp
92 silly fetchNamedPackageData sorted-object
93 silly mapToRegistry name sorted-object
94 silly mapToRegistry using default registry
95 silly mapToRegistry registry https://registry.npmjs.org/
96 silly mapToRegistry data Result {
96 silly mapToRegistry   raw: 'sorted-object',
96 silly mapToRegistry   scope: null,
96 silly mapToRegistry   escapedName: 'sorted-object',
96 silly mapToRegistry   name: 'sorted-object',
96 silly mapToRegistry   rawSpec: '',
96 silly mapToRegistry   spec: 'latest',
96 silly mapToRegistry   type: 'tag' }
97 silly mapToRegistry uri https://registry.npmjs.org/sorted-object
98 verbose request uri https://registry.npmjs.org/mkdirp
99 verbose request no auth needed
100 info attempt registry request try #1 at 1:49:16 PM
101 verbose etag W/"58d3aca9-62b2"
102 verbose lastModified Thu, 23 Mar 2017 11:08:25 GMT
103 http request GET https://registry.npmjs.org/mkdirp
104 verbose request uri https://registry.npmjs.org/sorted-object
105 verbose request no auth needed
106 info attempt registry request try #1 at 1:49:16 PM
107 verbose etag W/"57d499b1-1545"
108 verbose lastModified Sat, 10 Sep 2016 23:39:29 GMT
109 http request GET https://registry.npmjs.org/sorted-object
110 verbose request uri https://registry.npmjs.org/ejs
111 verbose request no auth needed
112 info attempt registry request try #1 at 1:49:16 PM
113 verbose etag W/"586b2122-100ee"
114 verbose lastModified Tue, 03 Jan 2017 03:57:22 GMT
115 http request GET https://registry.npmjs.org/ejs
116 verbose request uri https://registry.npmjs.org/commander
117 verbose request no auth needed
118 info attempt registry request try #1 at 1:49:16 PM
119 verbose etag W/"58cf7078-1011a"
120 verbose lastModified Mon, 20 Mar 2017 06:02:32 GMT
121 http request GET https://registry.npmjs.org/commander
122 http 200 https://registry.npmjs.org/mkdirp
123 verbose headers { server: 'nginx/1.10.1',
123 verbose headers   'content-type': 'application/json',
123 verbose headers   'last-modified': 'Sun, 02 Apr 2017 11:49:29 GMT',
123 verbose headers   etag: 'W/"58e0e549-62c0"',
123 verbose headers   'content-encoding': 'gzip',
123 verbose headers   'cache-control': 'max-age=300',
123 verbose headers   'content-length': '4848',
123 verbose headers   'accept-ranges': 'bytes',
123 verbose headers   date: 'Mon, 03 Apr 2017 20:49:16 GMT',
123 verbose headers   via: '1.1 varnish',
123 verbose headers   age: '48',
123 verbose headers   connection: 'keep-alive',
123 verbose headers   'x-served-by': 'cache-sjc3139-SJC',
123 verbose headers   'x-cache': 'HIT',
123 verbose headers   'x-cache-hits': '4',
123 verbose headers   'x-timer': 'S1491252556.123831,VS0,VE0',
123 verbose headers   vary: 'Accept-Encoding' }
124 silly get cb [ 200,
124 silly get   { server: 'nginx/1.10.1',
124 silly get     'content-type': 'application/json',
124 silly get     'last-modified': 'Sun, 02 Apr 2017 11:49:29 GMT',
124 silly get     etag: 'W/"58e0e549-62c0"',
124 silly get     'content-encoding': 'gzip',
124 silly get     'cache-control': 'max-age=300',
124 silly get     'content-length': '4848',
124 silly get     'accept-ranges': 'bytes',
124 silly get     date: 'Mon, 03 Apr 2017 20:49:16 GMT',
124 silly get     via: '1.1 varnish',
124 silly get     age: '48',
124 silly get     connection: 'keep-alive',
124 silly get     'x-served-by': 'cache-sjc3139-SJC',
124 silly get     'x-cache': 'HIT',
124 silly get     'x-cache-hits': '4',
124 silly get     'x-timer': 'S1491252556.123831,VS0,VE0',
124 silly get     vary: 'Accept-Encoding' } ]
125 verbose get saving mkdirp to /Users/debrenamcewen/.npm/registry.npmjs.org/mkdirp/.cache.json
126 verbose correctMkdir /Users/debrenamcewen/.npm correctMkdir not in flight; initializing
127 silly resolveWithNewModule mkdirp@0.5.1 checking installable status
128 silly cache add args [ 'mkdirp@0.5.1', null ]
129 verbose cache add spec mkdirp@0.5.1
130 silly cache add parsed spec Result {
130 silly cache add   raw: 'mkdirp@0.5.1',
130 silly cache add   scope: null,
130 silly cache add   escapedName: 'mkdirp',
130 silly cache add   name: 'mkdirp',
130 silly cache add   rawSpec: '0.5.1',
130 silly cache add   spec: '0.5.1',
130 silly cache add   type: 'version' }
131 silly addNamed mkdirp@0.5.1
132 verbose addNamed "0.5.1" is a plain semver version for mkdirp
133 silly mapToRegistry name mkdirp
134 silly mapToRegistry using default registry
135 silly mapToRegistry registry https://registry.npmjs.org/
136 silly mapToRegistry data Result {
136 silly mapToRegistry   raw: 'mkdirp',
136 silly mapToRegistry   scope: null,
136 silly mapToRegistry   escapedName: 'mkdirp',
136 silly mapToRegistry   name: 'mkdirp',
136 silly mapToRegistry   rawSpec: '',
136 silly mapToRegistry   spec: 'latest',
136 silly mapToRegistry   type: 'tag' }
137 silly mapToRegistry uri https://registry.npmjs.org/mkdirp
138 verbose addNameVersion registry:https://registry.npmjs.org/mkdirp not in flight; fetching
139 verbose get https://registry.npmjs.org/mkdirp not expired, no request
140 silly cache afterAdd mkdirp@0.5.1
141 verbose afterAdd /Users/debrenamcewen/.npm/mkdirp/0.5.1/package/package.json not in flight; writing
142 verbose correctMkdir /Users/debrenamcewen/.npm correctMkdir not in flight; initializing
143 http 304 https://registry.npmjs.org/sorted-object
144 verbose headers { date: 'Mon, 03 Apr 2017 20:49:16 GMT',
144 verbose headers   via: '1.1 varnish',
144 verbose headers   'cache-control': 'max-age=300',
144 verbose headers   etag: 'W/"57d499b1-1545"',
144 verbose headers   age: '54',
144 verbose headers   connection: 'keep-alive',
144 verbose headers   'x-served-by': 'cache-sjc3143-SJC',
144 verbose headers   'x-cache': 'HIT',
144 verbose headers   'x-cache-hits': '1',
144 verbose headers   'x-timer': 'S1491252556.139829,VS0,VE0',
144 verbose headers   vary: 'Accept-Encoding' }
145 silly get cb [ 304,
145 silly get   { date: 'Mon, 03 Apr 2017 20:49:16 GMT',
145 silly get     via: '1.1 varnish',
145 silly get     'cache-control': 'max-age=300',
145 silly get     etag: 'W/"57d499b1-1545"',
145 silly get     age: '54',
145 silly get     connection: 'keep-alive',
145 silly get     'x-served-by': 'cache-sjc3143-SJC',
145 silly get     'x-cache': 'HIT',
145 silly get     'x-cache-hits': '1',
145 silly get     'x-timer': 'S1491252556.139829,VS0,VE0',
145 silly get     vary: 'Accept-Encoding' } ]
146 verbose etag https://registry.npmjs.org/sorted-object from cache
147 verbose get saving sorted-object to /Users/debrenamcewen/.npm/registry.npmjs.org/sorted-object/.cache.json
148 verbose correctMkdir /Users/debrenamcewen/.npm correctMkdir not in flight; initializing
149 verbose afterAdd /Users/debrenamcewen/.npm/mkdirp/0.5.1/package/package.json written
150 silly resolveWithNewModule sorted-object@2.0.1 checking installable status
151 silly cache add args [ 'sorted-object@2.0.1', null ]
152 verbose cache add spec sorted-object@2.0.1
153 silly cache add parsed spec Result {
153 silly cache add   raw: 'sorted-object@2.0.1',
153 silly cache add   scope: null,
153 silly cache add   escapedName: 'sorted-object',
153 silly cache add   name: 'sorted-object',
153 silly cache add   rawSpec: '2.0.1',
153 silly cache add   spec: '2.0.1',
153 silly cache add   type: 'version' }
154 silly addNamed sorted-object@2.0.1
155 verbose addNamed "2.0.1" is a plain semver version for sorted-object
156 silly mapToRegistry name sorted-object
157 silly mapToRegistry using default registry
158 silly mapToRegistry registry https://registry.npmjs.org/
159 silly mapToRegistry data Result {
159 silly mapToRegistry   raw: 'sorted-object',
159 silly mapToRegistry   scope: null,
159 silly mapToRegistry   escapedName: 'sorted-object',
159 silly mapToRegistry   name: 'sorted-object',
159 silly mapToRegistry   rawSpec: '',
159 silly mapToRegistry   spec: 'latest',
159 silly mapToRegistry   type: 'tag' }
160 silly mapToRegistry uri https://registry.npmjs.org/sorted-object
161 verbose addNameVersion registry:https://registry.npmjs.org/sorted-object not in flight; fetching
162 verbose get https://registry.npmjs.org/sorted-object not expired, no request
163 http 200 https://registry.npmjs.org/ejs
164 verbose headers { server: 'nginx/1.10.1',
164 verbose headers   'content-type': 'application/json',
164 verbose headers   'last-modified': 'Sat, 01 Apr 2017 01:26:23 GMT',
164 verbose headers   etag: 'W/"58df01bf-1099a"',
164 verbose headers   'content-encoding': 'gzip',
164 verbose headers   'cache-control': 'max-age=300',
164 verbose headers   'content-length': '10741',
164 verbose headers   'accept-ranges': 'bytes',
164 verbose headers   date: 'Mon, 03 Apr 2017 20:49:16 GMT',
164 verbose headers   via: '1.1 varnish',
164 verbose headers   age: '183',
164 verbose headers   connection: 'keep-alive',
164 verbose headers   'x-served-by': 'cache-sjc3128-SJC',
164 verbose headers   'x-cache': 'HIT',
164 verbose headers   'x-cache-hits': '2',
164 verbose headers   'x-timer': 'S1491252556.146287,VS0,VE0',
164 verbose headers   vary: 'Accept-Encoding' }
165 silly get cb [ 200,
165 silly get   { server: 'nginx/1.10.1',
165 silly get     'content-type': 'application/json',
165 silly get     'last-modified': 'Sat, 01 Apr 2017 01:26:23 GMT',
165 silly get     etag: 'W/"58df01bf-1099a"',
165 silly get     'content-encoding': 'gzip',
165 silly get     'cache-control': 'max-age=300',
165 silly get     'content-length': '10741',
165 silly get     'accept-ranges': 'bytes',
165 silly get     date: 'Mon, 03 Apr 2017 20:49:16 GMT',
165 silly get     via: '1.1 varnish',
165 silly get     age: '183',
165 silly get     connection: 'keep-alive',
165 silly get     'x-served-by': 'cache-sjc3128-SJC',
165 silly get     'x-cache': 'HIT',
165 silly get     'x-cache-hits': '2',
165 silly get     'x-timer': 'S1491252556.146287,VS0,VE0',
165 silly get     vary: 'Accept-Encoding' } ]
166 verbose get saving ejs to /Users/debrenamcewen/.npm/registry.npmjs.org/ejs/.cache.json
167 verbose correctMkdir /Users/debrenamcewen/.npm correctMkdir not in flight; initializing
168 silly mapToRegistry name sorted-object
169 silly mapToRegistry using default registry
170 silly mapToRegistry registry https://registry.npmjs.org/
171 silly mapToRegistry data Result {
171 silly mapToRegistry   raw: 'sorted-object',
171 silly mapToRegistry   scope: null,
171 silly mapToRegistry   escapedName: 'sorted-object',
171 silly mapToRegistry   name: 'sorted-object',
171 silly mapToRegistry   rawSpec: '',
171 silly mapToRegistry   spec: 'latest',
171 silly mapToRegistry   type: 'tag' }
172 silly mapToRegistry uri https://registry.npmjs.org/sorted-object
173 verbose addRemoteTarball https://registry.npmjs.org/sorted-object/-/sorted-object-2.0.1.tgz not in flight; adding
174 verbose addRemoteTarball [ 'https://registry.npmjs.org/sorted-object/-/sorted-object-2.0.1.tgz',
174 verbose addRemoteTarball   '7d631f4bd3a798a24af1dffcfbfe83337a5df5fc' ]
175 http 200 https://registry.npmjs.org/commander
176 verbose headers { server: 'nginx/1.10.1',
176 verbose headers   'content-type': 'application/json',
176 verbose headers   'last-modified': 'Mon, 03 Apr 2017 08:52:30 GMT',
176 verbose headers   etag: 'W/"58e20d4e-1019e"',
176 verbose headers   'content-encoding': 'gzip',
176 verbose headers   'cache-control': 'max-age=300',
176 verbose headers   'content-length': '12836',
176 verbose headers   'accept-ranges': 'bytes',
176 verbose headers   date: 'Mon, 03 Apr 2017 20:49:16 GMT',
176 verbose headers   via: '1.1 varnish',
176 verbose headers   age: '173',
176 verbose headers   connection: 'keep-alive',
176 verbose headers   'x-served-by': 'cache-sjc3641-SJC',
176 verbose headers   'x-cache': 'HIT',
176 verbose headers   'x-cache-hits': '1',
176 verbose headers   'x-timer': 'S1491252556.149229,VS0,VE0',
176 verbose headers   vary: 'Accept-Encoding' }
177 silly get cb [ 200,
177 silly get   { server: 'nginx/1.10.1',
177 silly get     'content-type': 'application/json',
177 silly get     'last-modified': 'Mon, 03 Apr 2017 08:52:30 GMT',
177 silly get     etag: 'W/"58e20d4e-1019e"',
177 silly get     'content-encoding': 'gzip',
177 silly get     'cache-control': 'max-age=300',
177 silly get     'content-length': '12836',
177 silly get     'accept-ranges': 'bytes',
177 silly get     date: 'Mon, 03 Apr 2017 20:49:16 GMT',
177 silly get     via: '1.1 varnish',
177 silly get     age: '173',
177 silly get     connection: 'keep-alive',
177 silly get     'x-served-by': 'cache-sjc3641-SJC',
177 silly get     'x-cache': 'HIT',
177 silly get     'x-cache-hits': '1',
177 silly get     'x-timer': 'S1491252556.149229,VS0,VE0',
177 silly get     vary: 'Accept-Encoding' } ]
178 verbose get saving commander to /Users/debrenamcewen/.npm/registry.npmjs.org/commander/.cache.json
179 verbose correctMkdir /Users/debrenamcewen/.npm correctMkdir not in flight; initializing
180 info retry fetch attempt 1 at 1:49:16 PM
181 info attempt registry request try #1 at 1:49:16 PM
182 http fetch GET https://registry.npmjs.org/sorted-object/-/sorted-object-2.0.1.tgz
183 silly resolveWithNewModule ejs@2.5.6 checking installable status
184 silly cache add args [ 'ejs@2.5.6', null ]
185 verbose cache add spec ejs@2.5.6
186 silly cache add parsed spec Result {
186 silly cache add   raw: 'ejs@2.5.6',
186 silly cache add   scope: null,
186 silly cache add   escapedName: 'ejs',
186 silly cache add   name: 'ejs',
186 silly cache add   rawSpec: '2.5.6',
186 silly cache add   spec: '2.5.6',
186 silly cache add   type: 'version' }
187 silly addNamed ejs@2.5.6
188 verbose addNamed "2.5.6" is a plain semver version for ejs
189 silly mapToRegistry name ejs
190 silly mapToRegistry using default registry
191 silly mapToRegistry registry https://registry.npmjs.org/
192 silly mapToRegistry data Result {
192 silly mapToRegistry   raw: 'ejs',
192 silly mapToRegistry   scope: null,
192 silly mapToRegistry   escapedName: 'ejs',
192 silly mapToRegistry   name: 'ejs',
192 silly mapToRegistry   rawSpec: '',
192 silly mapToRegistry   spec: 'latest',
192 silly mapToRegistry   type: 'tag' }
193 silly mapToRegistry uri https://registry.npmjs.org/ejs
194 verbose addNameVersion registry:https://registry.npmjs.org/ejs not in flight; fetching
195 silly resolveWithNewModule commander@2.9.0 checking installable status
196 silly cache add args [ 'commander@2.9.0', null ]
197 verbose cache add spec commander@2.9.0
198 silly cache add parsed spec Result {
198 silly cache add   raw: 'commander@2.9.0',
198 silly cache add   scope: null,
198 silly cache add   escapedName: 'commander',
198 silly cache add   name: 'commander',
198 silly cache add   rawSpec: '2.9.0',
198 silly cache add   spec: '2.9.0',
198 silly cache add   type: 'version' }
199 silly addNamed commander@2.9.0
200 verbose addNamed "2.9.0" is a plain semver version for commander
201 silly mapToRegistry name commander
202 silly mapToRegistry using default registry
203 silly mapToRegistry registry https://registry.npmjs.org/
204 silly mapToRegistry data Result {
204 silly mapToRegistry   raw: 'commander',
204 silly mapToRegistry   scope: null,
204 silly mapToRegistry   escapedName: 'commander',
204 silly mapToRegistry   name: 'commander',
204 silly mapToRegistry   rawSpec: '',
204 silly mapToRegistry   spec: 'latest',
204 silly mapToRegistry   type: 'tag' }
205 silly mapToRegistry uri https://registry.npmjs.org/commander
206 verbose addNameVersion registry:https://registry.npmjs.org/commander not in flight; fetching
207 http fetch 200 https://registry.npmjs.org/sorted-object/-/sorted-object-2.0.1.tgz
208 verbose get https://registry.npmjs.org/ejs not expired, no request
209 verbose get https://registry.npmjs.org/commander not expired, no request
210 silly mapToRegistry name ejs
211 silly mapToRegistry using default registry
212 silly mapToRegistry registry https://registry.npmjs.org/
213 silly mapToRegistry data Result {
213 silly mapToRegistry   raw: 'ejs',
213 silly mapToRegistry   scope: null,
213 silly mapToRegistry   escapedName: 'ejs',
213 silly mapToRegistry   name: 'ejs',
213 silly mapToRegistry   rawSpec: '',
213 silly mapToRegistry   spec: 'latest',
213 silly mapToRegistry   type: 'tag' }
214 silly mapToRegistry uri https://registry.npmjs.org/ejs
215 verbose addRemoteTarball https://registry.npmjs.org/ejs/-/ejs-2.5.6.tgz not in flight; adding
216 verbose addRemoteTarball [ 'https://registry.npmjs.org/ejs/-/ejs-2.5.6.tgz',
216 verbose addRemoteTarball   '479636bfa3fe3b1debd52087f0acb204b4f19c88' ]
217 silly fetchAndShaCheck shasum 7d631f4bd3a798a24af1dffcfbfe83337a5df5fc
218 verbose addTmpTarball /var/folders/pv/2tqc65_9383c_5952tkxff8r0000gn/T/npm-28352-3a21bd15/registry.npmjs.org/sorted-object/-/sorted-object-2.0.1.tgz not in flight; adding
219 verbose addTmpTarball already have metadata; skipping unpack for sorted-object@2.0.1
220 verbose correctMkdir /Users/debrenamcewen/.npm correctMkdir not in flight; initializing
221 info retry fetch attempt 1 at 1:49:16 PM
222 info attempt registry request try #1 at 1:49:16 PM
223 http fetch GET https://registry.npmjs.org/ejs/-/ejs-2.5.6.tgz
224 silly cache afterAdd commander@2.9.0
225 verbose afterAdd /Users/debrenamcewen/.npm/commander/2.9.0/package/package.json not in flight; writing
226 verbose correctMkdir /Users/debrenamcewen/.npm correctMkdir not in flight; initializing
227 verbose afterAdd /Users/debrenamcewen/.npm/commander/2.9.0/package/package.json written
228 silly cache afterAdd sorted-object@2.0.1
229 verbose afterAdd /Users/debrenamcewen/.npm/sorted-object/2.0.1/package/package.json not in flight; writing
230 verbose correctMkdir /Users/debrenamcewen/.npm correctMkdir not in flight; initializing
231 verbose afterAdd /Users/debrenamcewen/.npm/sorted-object/2.0.1/package/package.json written
232 http fetch 200 https://registry.npmjs.org/ejs/-/ejs-2.5.6.tgz
233 silly fetchAndShaCheck shasum 479636bfa3fe3b1debd52087f0acb204b4f19c88
234 verbose addTmpTarball /var/folders/pv/2tqc65_9383c_5952tkxff8r0000gn/T/npm-28352-3a21bd15/registry.npmjs.org/ejs/-/ejs-2.5.6.tgz not in flight; adding
235 verbose addTmpTarball already have metadata; skipping unpack for ejs@2.5.6
236 verbose correctMkdir /Users/debrenamcewen/.npm correctMkdir not in flight; initializing
237 silly cache afterAdd ejs@2.5.6
238 verbose afterAdd /Users/debrenamcewen/.npm/ejs/2.5.6/package/package.json not in flight; writing
239 verbose correctMkdir /Users/debrenamcewen/.npm correctMkdir not in flight; initializing
240 verbose afterAdd /Users/debrenamcewen/.npm/ejs/2.5.6/package/package.json written
241 silly fetchNamedPackageData graceful-readlink
242 silly mapToRegistry name graceful-readlink
243 silly mapToRegistry using default registry
244 silly mapToRegistry registry https://registry.npmjs.org/
245 silly mapToRegistry data Result {
245 silly mapToRegistry   raw: 'graceful-readlink',
245 silly mapToRegistry   scope: null,
245 silly mapToRegistry   escapedName: 'graceful-readlink',
245 silly mapToRegistry   name: 'graceful-readlink',
245 silly mapToRegistry   rawSpec: '',
245 silly mapToRegistry   spec: 'latest',
245 silly mapToRegistry   type: 'tag' }
246 silly mapToRegistry uri https://registry.npmjs.org/graceful-readlink
247 verbose request uri https://registry.npmjs.org/graceful-readlink
248 verbose request no auth needed
249 info attempt registry request try #1 at 1:49:16 PM
250 verbose etag W/"585ef90e-c1b"
251 verbose lastModified Sat, 24 Dec 2016 22:39:10 GMT
252 http request GET https://registry.npmjs.org/graceful-readlink
253 http 304 https://registry.npmjs.org/graceful-readlink
254 verbose headers { date: 'Mon, 03 Apr 2017 20:49:16 GMT',
254 verbose headers   via: '1.1 varnish',
254 verbose headers   'cache-control': 'max-age=300',
254 verbose headers   etag: 'W/"585ef90e-c1b"',
254 verbose headers   age: '27',
254 verbose headers   connection: 'keep-alive',
254 verbose headers   'x-served-by': 'cache-sjc3128-SJC',
254 verbose headers   'x-cache': 'HIT',
254 verbose headers   'x-cache-hits': '1',
254 verbose headers   'x-timer': 'S1491252556.249828,VS0,VE0',
254 verbose headers   vary: 'Accept-Encoding' }
255 silly get cb [ 304,
255 silly get   { date: 'Mon, 03 Apr 2017 20:49:16 GMT',
255 silly get     via: '1.1 varnish',
255 silly get     'cache-control': 'max-age=300',
255 silly get     etag: 'W/"585ef90e-c1b"',
255 silly get     age: '27',
255 silly get     connection: 'keep-alive',
255 silly get     'x-served-by': 'cache-sjc3128-SJC',
255 silly get     'x-cache': 'HIT',
255 silly get     'x-cache-hits': '1',
255 silly get     'x-timer': 'S1491252556.249828,VS0,VE0',
255 silly get     vary: 'Accept-Encoding' } ]
256 verbose etag https://registry.npmjs.org/graceful-readlink from cache
257 verbose get saving graceful-readlink to /Users/debrenamcewen/.npm/registry.npmjs.org/graceful-readlink/.cache.json
258 verbose correctMkdir /Users/debrenamcewen/.npm correctMkdir not in flight; initializing
259 silly resolveWithNewModule graceful-readlink@1.0.1 checking installable status
260 silly cache add args [ 'graceful-readlink@>= 1.0.0', null ]
261 verbose cache add spec graceful-readlink@>= 1.0.0
262 silly cache add parsed spec Result {
262 silly cache add   raw: 'graceful-readlink@>= 1.0.0',
262 silly cache add   scope: null,
262 silly cache add   escapedName: 'graceful-readlink',
262 silly cache add   name: 'graceful-readlink',
262 silly cache add   rawSpec: '>= 1.0.0',
262 silly cache add   spec: '>=1.0.0',
262 silly cache add   type: 'range' }
263 silly addNamed graceful-readlink@>=1.0.0
264 verbose addNamed ">=1.0.0" is a valid semver range for graceful-readlink
265 silly addNameRange { name: 'graceful-readlink', range: '>=1.0.0', hasData: false }
266 silly mapToRegistry name graceful-readlink
267 silly mapToRegistry using default registry
268 silly mapToRegistry registry https://registry.npmjs.org/
269 silly mapToRegistry data Result {
269 silly mapToRegistry   raw: 'graceful-readlink',
269 silly mapToRegistry   scope: null,
269 silly mapToRegistry   escapedName: 'graceful-readlink',
269 silly mapToRegistry   name: 'graceful-readlink',
269 silly mapToRegistry   rawSpec: '',
269 silly mapToRegistry   spec: 'latest',
269 silly mapToRegistry   type: 'tag' }
270 silly mapToRegistry uri https://registry.npmjs.org/graceful-readlink
271 verbose addNameRange registry:https://registry.npmjs.org/graceful-readlink not in flight; fetching
272 verbose get https://registry.npmjs.org/graceful-readlink not expired, no request
273 silly addNameRange number 2 { name: 'graceful-readlink', range: '>=1.0.0', hasData: true }
274 silly addNameRange versions [ 'graceful-readlink', [ '1.0.0', '1.0.1' ] ]
275 silly addNamed graceful-readlink@1.0.1
276 verbose addNamed "1.0.1" is a plain semver version for graceful-readlink
277 silly cache afterAdd graceful-readlink@1.0.1
278 verbose afterAdd /Users/debrenamcewen/.npm/graceful-readlink/1.0.1/package/package.json not in flight; writing
279 verbose correctMkdir /Users/debrenamcewen/.npm correctMkdir not in flight; initializing
280 verbose afterAdd /Users/debrenamcewen/.npm/graceful-readlink/1.0.1/package/package.json written
281 silly fetchNamedPackageData minimist
282 silly mapToRegistry name minimist
283 silly mapToRegistry using default registry
284 silly mapToRegistry registry https://registry.npmjs.org/
285 silly mapToRegistry data Result {
285 silly mapToRegistry   raw: 'minimist',
285 silly mapToRegistry   scope: null,
285 silly mapToRegistry   escapedName: 'minimist',
285 silly mapToRegistry   name: 'minimist',
285 silly mapToRegistry   rawSpec: '',
285 silly mapToRegistry   spec: 'latest',
285 silly mapToRegistry   type: 'tag' }
286 silly mapToRegistry uri https://registry.npmjs.org/minimist
287 verbose request uri https://registry.npmjs.org/minimist
288 verbose request no auth needed
289 info attempt registry request try #1 at 1:49:16 PM
290 verbose etag W/"58d3ea5f-7473"
291 verbose lastModified Thu, 23 Mar 2017 15:31:43 GMT
292 http request GET https://registry.npmjs.org/minimist
293 http 200 https://registry.npmjs.org/minimist
294 verbose headers { server: 'nginx/1.10.1',
294 verbose headers   'content-type': 'application/json',
294 verbose headers   'last-modified': 'Thu, 30 Mar 2017 07:12:34 GMT',
294 verbose headers   etag: 'W/"58dcafe2-7498"',
294 verbose headers   'content-encoding': 'gzip',
294 verbose headers   'cache-control': 'max-age=300',
294 verbose headers   'content-length': '5689',
294 verbose headers   'accept-ranges': 'bytes',
294 verbose headers   date: 'Mon, 03 Apr 2017 20:49:16 GMT',
294 verbose headers   via: '1.1 varnish',
294 verbose headers   age: '292',
294 verbose headers   connection: 'keep-alive',
294 verbose headers   'x-served-by': 'cache-sjc3641-SJC',
294 verbose headers   'x-cache': 'HIT',
294 verbose headers   'x-cache-hits': '14',
294 verbose headers   'x-timer': 'S1491252556.275524,VS0,VE0',
294 verbose headers   vary: 'Accept-Encoding' }
295 silly get cb [ 200,
295 silly get   { server: 'nginx/1.10.1',
295 silly get     'content-type': 'application/json',
295 silly get     'last-modified': 'Thu, 30 Mar 2017 07:12:34 GMT',
295 silly get     etag: 'W/"58dcafe2-7498"',
295 silly get     'content-encoding': 'gzip',
295 silly get     'cache-control': 'max-age=300',
295 silly get     'content-length': '5689',
295 silly get     'accept-ranges': 'bytes',
295 silly get     date: 'Mon, 03 Apr 2017 20:49:16 GMT',
295 silly get     via: '1.1 varnish',
295 silly get     age: '292',
295 silly get     connection: 'keep-alive',
295 silly get     'x-served-by': 'cache-sjc3641-SJC',
295 silly get     'x-cache': 'HIT',
295 silly get     'x-cache-hits': '14',
295 silly get     'x-timer': 'S1491252556.275524,VS0,VE0',
295 silly get     vary: 'Accept-Encoding' } ]
296 verbose get saving minimist to /Users/debrenamcewen/.npm/registry.npmjs.org/minimist/.cache.json
297 verbose correctMkdir /Users/debrenamcewen/.npm correctMkdir not in flight; initializing
298 silly resolveWithNewModule minimist@0.0.8 checking installable status
299 silly cache add args [ 'minimist@0.0.8', null ]
300 verbose cache add spec minimist@0.0.8
301 silly cache add parsed spec Result {
301 silly cache add   raw: 'minimist@0.0.8',
301 silly cache add   scope: null,
301 silly cache add   escapedName: 'minimist',
301 silly cache add   name: 'minimist',
301 silly cache add   rawSpec: '0.0.8',
301 silly cache add   spec: '0.0.8',
301 silly cache add   type: 'version' }
302 silly addNamed minimist@0.0.8
303 verbose addNamed "0.0.8" is a plain semver version for minimist
304 silly mapToRegistry name minimist
305 silly mapToRegistry using default registry
306 silly mapToRegistry registry https://registry.npmjs.org/
307 silly mapToRegistry data Result {
307 silly mapToRegistry   raw: 'minimist',
307 silly mapToRegistry   scope: null,
307 silly mapToRegistry   escapedName: 'minimist',
307 silly mapToRegistry   name: 'minimist',
307 silly mapToRegistry   rawSpec: '',
307 silly mapToRegistry   spec: 'latest',
307 silly mapToRegistry   type: 'tag' }
308 silly mapToRegistry uri https://registry.npmjs.org/minimist
309 verbose addNameVersion registry:https://registry.npmjs.org/minimist not in flight; fetching
310 verbose get https://registry.npmjs.org/minimist not expired, no request
311 silly cache afterAdd minimist@0.0.8
312 verbose afterAdd /Users/debrenamcewen/.npm/minimist/0.0.8/package/package.json not in flight; writing
313 verbose correctMkdir /Users/debrenamcewen/.npm correctMkdir not in flight; initializing
314 verbose afterAdd /Users/debrenamcewen/.npm/minimist/0.0.8/package/package.json written
315 silly loadAllDepsIntoIdealTree Finishing
316 silly loadIdealTree Finishing
317 silly currentTree lib
317 silly currentTree └─┬ express-generator@4.14.0
317 silly currentTree   ├── commander@2.9.0
317 silly currentTree   ├── graceful-readlink@1.0.1
317 silly currentTree   ├── minimist@0.0.8
317 silly currentTree   ├── mkdirp@0.5.1
317 silly currentTree   └── sorted-object@2.0.0
318 silly idealTree lib
318 silly idealTree └─┬ express-generator@4.15.0
318 silly idealTree   ├── commander@2.9.0
318 silly idealTree   ├── ejs@2.5.6
318 silly idealTree   ├── graceful-readlink@1.0.1
318 silly idealTree   ├── minimist@0.0.8
318 silly idealTree   ├── mkdirp@0.5.1
318 silly idealTree   └── sorted-object@2.0.1
319 silly generateActionsToTake Starting
320 silly install generateActionsToTake
321 silly generateActionsToTake Finishing
322 silly diffTrees action count 3
323 silly diffTrees add ejs@2.5.6
324 silly diffTrees update sorted-object@2.0.1
325 silly diffTrees update express-generator@4.15.0
326 silly decomposeActions action count 24
327 silly decomposeActions fetch ejs@2.5.6
328 silly decomposeActions extract ejs@2.5.6
329 silly decomposeActions test ejs@2.5.6
330 silly decomposeActions preinstall ejs@2.5.6
331 silly decomposeActions build ejs@2.5.6
332 silly decomposeActions install ejs@2.5.6
333 silly decomposeActions postinstall ejs@2.5.6
334 silly decomposeActions finalize ejs@2.5.6
335 silly decomposeActions fetch sorted-object@2.0.1
336 silly decomposeActions extract sorted-object@2.0.1
337 silly decomposeActions test sorted-object@2.0.1
338 silly decomposeActions preinstall sorted-object@2.0.1
339 silly decomposeActions build sorted-object@2.0.1
340 silly decomposeActions install sorted-object@2.0.1
341 silly decomposeActions postinstall sorted-object@2.0.1
342 silly decomposeActions finalize sorted-object@2.0.1
343 silly decomposeActions fetch express-generator@4.15.0
344 silly decomposeActions extract express-generator@4.15.0
345 silly decomposeActions test express-generator@4.15.0
346 silly decomposeActions preinstall express-generator@4.15.0
347 silly decomposeActions build express-generator@4.15.0
348 silly decomposeActions install express-generator@4.15.0
349 silly decomposeActions postinstall express-generator@4.15.0
350 silly decomposeActions finalize express-generator@4.15.0
351 silly executeActions Starting
352 silly install executeActions
353 silly doSerial global-install 0
354 silly doParallel fetch 3
355 verbose correctMkdir /Users/debrenamcewen/.npm/_locks correctMkdir not in flight; initializing
356 verbose lock using /Users/debrenamcewen/.npm/_locks/staging-dc1271af333f2185.lock for /Users/debrenamcewen/.nvm/versions/node/v6.3.1/lib/node_modules/.staging
357 silly doParallel extract 3
358 silly extract ejs@2.5.6
359 silly extract sorted-object@2.0.1
360 silly extract express-generator@4.15.0
361 verbose unbuild lib/node_modules/.staging/sorted-object-c88f34b9
362 verbose unbuild lib/node_modules/.staging/ejs-7b7c4f52
363 verbose unbuild lib/node_modules/.staging/express-generator-8e165b3c
364 silly gentlyRm /Users/debrenamcewen/.nvm/versions/node/v6.3.1/lib/node_modules/.staging/sorted-object-c88f34b9 is being purged from base /Users/debrenamcewen/.nvm/versions/node/v6.3.1
365 verbose gentlyRm don't care about contents; nuking /Users/debrenamcewen/.nvm/versions/node/v6.3.1/lib/node_modules/.staging/sorted-object-c88f34b9
366 silly gentlyRm /Users/debrenamcewen/.nvm/versions/node/v6.3.1/lib/node_modules/.staging/ejs-7b7c4f52 is being purged from base /Users/debrenamcewen/.nvm/versions/node/v6.3.1
367 verbose gentlyRm don't care about contents; nuking /Users/debrenamcewen/.nvm/versions/node/v6.3.1/lib/node_modules/.staging/ejs-7b7c4f52
368 verbose tar unpack /Users/debrenamcewen/.npm/sorted-object/2.0.1/package.tgz
369 verbose tar unpacking to /Users/debrenamcewen/.nvm/versions/node/v6.3.1/lib/node_modules/.staging/sorted-object-c88f34b9
370 silly gentlyRm /Users/debrenamcewen/.nvm/versions/node/v6.3.1/lib/node_modules/.staging/sorted-object-c88f34b9 is being purged
371 verbose gentlyRm don't care about contents; nuking /Users/debrenamcewen/.nvm/versions/node/v6.3.1/lib/node_modules/.staging/sorted-object-c88f34b9
372 verbose tar unpack /Users/debrenamcewen/.npm/ejs/2.5.6/package.tgz
373 verbose tar unpacking to /Users/debrenamcewen/.nvm/versions/node/v6.3.1/lib/node_modules/.staging/ejs-7b7c4f52
374 silly gentlyRm /Users/debrenamcewen/.nvm/versions/node/v6.3.1/lib/node_modules/.staging/ejs-7b7c4f52 is being purged
375 verbose gentlyRm don't care about contents; nuking /Users/debrenamcewen/.nvm/versions/node/v6.3.1/lib/node_modules/.staging/ejs-7b7c4f52
376 silly gunzTarPerm modes [ '755', '644' ]
377 silly gentlyRm /Users/debrenamcewen/.nvm/versions/node/v6.3.1/lib/node_modules/.staging/express-generator-8e165b3c is being purged from base /Users/debrenamcewen/.nvm/versions/node/v6.3.1
378 verbose gentlyRm don't care about contents; nuking /Users/debrenamcewen/.nvm/versions/node/v6.3.1/lib/node_modules/.staging/express-generator-8e165b3c
379 silly gunzTarPerm modes [ '755', '644' ]
380 verbose tar unpack /Users/debrenamcewen/.npm/express-generator/4.15.0/package.tgz
381 verbose tar unpacking to /Users/debrenamcewen/.nvm/versions/node/v6.3.1/lib/node_modules/.staging/express-generator-8e165b3c
382 silly gentlyRm /Users/debrenamcewen/.nvm/versions/node/v6.3.1/lib/node_modules/.staging/express-generator-8e165b3c is being purged
383 verbose gentlyRm don't care about contents; nuking /Users/debrenamcewen/.nvm/versions/node/v6.3.1/lib/node_modules/.staging/express-generator-8e165b3c
384 silly gunzTarPerm modes [ '755', '644' ]
385 silly gunzTarPerm extractEntry package.json
386 silly gunzTarPerm modified mode [ 'package.json', 438, 420 ]
387 silly gunzTarPerm extractEntry
388 silly gunzTarPerm extractEntry package.json
389 silly gunzTarPerm modified mode [ 'package.json', 438, 420 ]
390 silly gunzTarPerm extractEntry LICENSE.txt
391 silly gunzTarPerm modified mode [ 'LICENSE.txt', 438, 420 ]
392 silly gunzTarPerm extractEntry lib/sorted-object.js
393 silly gunzTarPerm modified mode [ 'lib/sorted-object.js', 438, 420 ]
394 silly gunzTarPerm extractEntry ejs.js
395 silly gunzTarPerm extractEntry ejs.min.js
396 silly gunzTarPerm extractEntry README.md
397 silly gunzTarPerm modified mode [ 'README.md', 438, 420 ]
398 silly gunzTarPerm extractEntry LICENSE
399 silly gunzTarPerm modified mode [ 'LICENSE', 438, 420 ]
400 silly gunzTarPerm extractEntry Jakefile
401 silly gunzTarPerm extractEntry lib/
402 silly gunzTarPerm extractEntry LICENSE
403 silly gunzTarPerm extractEntry package.json
404 silly gunzTarPerm extractEntry README.md
405 silly gunzTarPerm extractEntry bin/express-cli.js
406 silly gunzTarPerm modified mode [ 'bin/express-cli.js', 438, 420 ]
407 silly gunzTarPerm extractEntry templates/css/style.css
408 silly gunzTarPerm modified mode [ 'templates/css/style.css', 438, 420 ]
409 silly gunzTarPerm extractEntry templates/css/style.less
410 silly gunzTarPerm modified mode [ 'templates/css/style.less', 438, 420 ]
411 silly gunzTarPerm extractEntry templates/css/style.sass
412 silly gunzTarPerm modified mode [ 'templates/css/style.sass', 438, 420 ]
413 silly gunzTarPerm extractEntry templates/css/style.scss
414 silly gunzTarPerm modified mode [ 'templates/css/style.scss', 438, 420 ]
415 silly gunzTarPerm extractEntry templates/css/style.styl
416 silly gunzTarPerm modified mode [ 'templates/css/style.styl', 438, 420 ]
417 silly gunzTarPerm extractEntry templates/dust/error.dust
418 silly gunzTarPerm modified mode [ 'templates/dust/error.dust', 438, 420 ]
419 silly gunzTarPerm extractEntry templates/dust/index.dust
420 silly gunzTarPerm modified mode [ 'templates/dust/index.dust', 438, 420 ]
421 silly gunzTarPerm extractEntry templates/ejs/error.ejs
422 silly gunzTarPerm modified mode [ 'templates/ejs/error.ejs', 438, 420 ]
423 silly gunzTarPerm extractEntry templates/ejs/index.ejs
424 silly gunzTarPerm modified mode [ 'templates/ejs/index.ejs', 438, 420 ]
425 silly gunzTarPerm extractEntry templates/hbs/error.hbs
426 silly gunzTarPerm modified mode [ 'templates/hbs/error.hbs', 438, 420 ]
427 silly gunzTarPerm extractEntry templates/hbs/index.hbs
428 silly gunzTarPerm modified mode [ 'templates/hbs/index.hbs', 438, 420 ]
429 silly gunzTarPerm extractEntry templates/hbs/layout.hbs
430 silly gunzTarPerm modified mode [ 'templates/hbs/layout.hbs', 438, 420 ]
431 silly gunzTarPerm extractEntry templates/hogan/error.hjs
432 silly gunzTarPerm modified mode [ 'templates/hogan/error.hjs', 438, 420 ]
433 silly gunzTarPerm extractEntry templates/hogan/index.hjs
434 silly gunzTarPerm modified mode [ 'templates/hogan/index.hjs', 438, 420 ]
435 silly gunzTarPerm extractEntry templates/jade/error.jade
436 silly gunzTarPerm modified mode [ 'templates/jade/error.jade', 438, 420 ]
437 silly gunzTarPerm extractEntry templates/jade/index.jade
438 silly gunzTarPerm modified mode [ 'templates/jade/index.jade', 438, 420 ]
439 silly gunzTarPerm extractEntry templates/jade/layout.jade
440 silly gunzTarPerm modified mode [ 'templates/jade/layout.jade', 438, 420 ]
441 silly gunzTarPerm extractEntry templates/js/app.js.ejs
442 silly gunzTarPerm modified mode [ 'templates/js/app.js.ejs', 438, 420 ]
443 silly gunzTarPerm extractEntry templates/js/gitignore
444 silly gunzTarPerm modified mode [ 'templates/js/gitignore', 438, 420 ]
445 silly gunzTarPerm extractEntry templates/js/routes/index.js
446 silly gunzTarPerm modified mode [ 'templates/js/routes/index.js', 438, 420 ]
447 silly gunzTarPerm extractEntry templates/js/routes/users.js
448 silly gunzTarPerm modified mode [ 'templates/js/routes/users.js', 438, 420 ]
449 silly gunzTarPerm extractEntry templates/js/www.ejs
450 silly gunzTarPerm modified mode [ 'templates/js/www.ejs', 438, 420 ]
451 silly gunzTarPerm extractEntry templates/pug/error.pug
452 silly gunzTarPerm modified mode [ 'templates/pug/error.pug', 438, 420 ]
453 silly gunzTarPerm extractEntry templates/pug/index.pug
454 silly gunzTarPerm modified mode [ 'templates/pug/index.pug', 438, 420 ]
455 silly gunzTarPerm extractEntry templates/pug/layout.pug
456 silly gunzTarPerm modified mode [ 'templates/pug/layout.pug', 438, 420 ]
457 silly gunzTarPerm extractEntry templates/twig/error.twig
458 silly gunzTarPerm modified mode [ 'templates/twig/error.twig', 438, 420 ]
459 silly gunzTarPerm extractEntry templates/twig/index.twig
460 silly gunzTarPerm modified mode [ 'templates/twig/index.twig', 438, 420 ]
461 silly gunzTarPerm extractEntry templates/twig/layout.twig
462 silly gunzTarPerm modified mode [ 'templates/twig/layout.twig', 438, 420 ]
463 silly gunzTarPerm extractEntry templates/vash/error.vash
464 silly gunzTarPerm modified mode [ 'templates/vash/error.vash', 438, 420 ]
465 silly gunzTarPerm extractEntry templates/vash/index.vash
466 silly gunzTarPerm modified mode [ 'templates/vash/index.vash', 438, 420 ]
467 silly gunzTarPerm extractEntry templates/vash/layout.vash
468 silly gunzTarPerm modified mode [ 'templates/vash/layout.vash', 438, 420 ]
469 silly gunzTarPerm extractEntry test/
470 silly gunzTarPerm extractEntry test/ejs.js
471 silly gunzTarPerm extractEntry test/fixtures/
472 silly gunzTarPerm extractEntry test/mocha.opts
473 silly gunzTarPerm extractEntry test/tmp/
474 silly gentlyRm /Users/debrenamcewen/.nvm/versions/node/v6.3.1/lib/node_modules/.staging/sorted-object-c88f34b9/node_modules is being purged
475 verbose gentlyRm don't care about contents; nuking /Users/debrenamcewen/.nvm/versions/node/v6.3.1/lib/node_modules/.staging/sorted-object-c88f34b9/node_modules
476 silly gunzTarPerm extractEntry test/tmp/include.ejs
477 silly gunzTarPerm extractEntry test/tmp/include_preprocessor.ejs
478 silly gunzTarPerm extractEntry test/tmp/renderFile.ejs
479 silly gunzTarPerm extractEntry test/fixtures/backslash.ejs
480 silly gunzTarPerm extractEntry test/fixtures/backslash.html
481 silly gunzTarPerm extractEntry test/fixtures/comments.ejs
482 silly gunzTarPerm extractEntry test/fixtures/comments.html
483 silly gunzTarPerm extractEntry test/fixtures/consecutive-tags.ejs
484 silly gunzTarPerm extractEntry test/fixtures/consecutive-tags.html
485 silly gunzTarPerm extractEntry test/fixtures/double-quote.ejs
486 silly gunzTarPerm extractEntry test/fixtures/double-quote.html
487 silly gunzTarPerm extractEntry test/fixtures/error.ejs
488 silly gunzTarPerm extractEntry test/fixtures/error.out
489 silly gunzTarPerm extractEntry test/fixtures/fail.ejs
490 silly gunzTarPerm extractEntry test/fixtures/hello-world.ejs
491 silly gunzTarPerm extractEntry test/fixtures/include-abspath.ejs
492 silly gunzTarPerm extractEntry test/fixtures/include-root.ejs
493 silly gunzTarPerm extractEntry test/fixtures/include-simple.ejs
494 silly gunzTarPerm extractEntry test/fixtures/include-simple.html
495 silly gunzTarPerm extractEntry test/fixtures/include.css.ejs
496 silly gunzTarPerm extractEntry test/fixtures/include.css.html
497 silly gunzTarPerm extractEntry test/fixtures/include.ejs
498 silly gunzTarPerm extractEntry test/fixtures/include.html
499 silly gunzTarPerm extractEntry test/fixtures/include_cache.ejs
500 silly gunzTarPerm extractEntry test/fixtures/include_cache.html
501 silly gunzTarPerm extractEntry test/fixtures/include_preprocessor.css.ejs
502 silly gunzTarPerm extractEntry test/fixtures/include_preprocessor.css.html
503 silly gunzTarPerm extractEntry test/fixtures/include_preprocessor.ejs
504 silly gunzTarPerm extractEntry test/fixtures/include_preprocessor.html
505 silly gunzTarPerm extractEntry test/fixtures/include_preprocessor_cache.ejs
506 silly gunzTarPerm extractEntry test/fixtures/include_preprocessor_cache.html
507 silly gunzTarPerm extractEntry test/fixtures/include_preprocessor_line_slurp.ejs
508 silly gunzTarPerm extractEntry test/fixtures/include_preprocessor_line_slurp.html
509 silly gunzTarPerm extractEntry test/fixtures/include_preprocessor_line_slurp_child.ejs
510 silly gunzTarPerm extractEntry test/fixtures/includes/
511 silly gunzTarPerm extractEntry test/fixtures/literal.ejs
512 silly gunzTarPerm extractEntry test/fixtures/literal.html
513 silly gunzTarPerm extractEntry test/fixtures/menu.ejs
514 silly gunzTarPerm extractEntry test/fixtures/menu.html
515 silly gunzTarPerm extractEntry test/fixtures/menu_preprocessor.ejs
516 silly gunzTarPerm extractEntry test/fixtures/menu_preprocessor.html
517 silly gunzTarPerm extractEntry test/fixtures/menu_var.ejs
518 silly gunzTarPerm extractEntry test/fixtures/messed.ejs
519 silly gunzTarPerm extractEntry test/fixtures/messed.html
520 silly gunzTarPerm extractEntry test/fixtures/newlines.ejs
521 silly gunzTarPerm extractEntry test/fixtures/newlines.html
522 silly gunzTarPerm extractEntry test/fixtures/newlines.mixed.ejs
523 silly gunzTarPerm extractEntry test/fixtures/newlines.mixed.html
524 silly gunzTarPerm extractEntry test/fixtures/no.newlines.ejs
525 silly gunzTarPerm extractEntry test/fixtures/no.newlines.error.ejs
526 silly gunzTarPerm extractEntry test/fixtures/no.newlines.html
527 silly gunzTarPerm extractEntry test/fixtures/no.semicolons.ejs
528 silly gunzTarPerm extractEntry test/fixtures/no.semicolons.html
529 silly gunzTarPerm extractEntry test/fixtures/para.ejs
530 silly gunzTarPerm extractEntry test/fixtures/pet.ejs
531 silly gunzTarPerm extractEntry test/fixtures/rmWhitespace.ejs
532 silly gunzTarPerm extractEntry test/fixtures/rmWhitespace.html
533 silly gunzTarPerm extractEntry test/fixtures/single-quote.ejs
534 silly gunzTarPerm extractEntry test/fixtures/single-quote.html
535 silly gunzTarPerm extractEntry test/fixtures/space-and-tab-slurp.ejs
536 silly gunzTarPerm extractEntry test/fixtures/space-and-tab-slurp.html
537 silly gunzTarPerm extractEntry test/fixtures/strict.ejs
538 silly gunzTarPerm extractEntry test/fixtures/style.css
539 silly gunzTarPerm extractEntry test/fixtures/user-no-with.ejs
540 silly gunzTarPerm extractEntry test/fixtures/user.ejs
541 silly gunzTarPerm extractEntry test/fixtures/with-context.ejs
542 silly gunzTarPerm extractEntry test/fixtures/includes/bom.ejs
543 silly gunzTarPerm extractEntry test/fixtures/includes/menu/
544 silly gunzTarPerm extractEntry test/fixtures/includes/menu-item.ejs
545 silly gunzTarPerm extractEntry test/fixtures/includes/menu/item.ejs
546 silly gunzTarPerm extractEntry lib/ejs.js
547 silly gunzTarPerm extractEntry lib/utils.js
548 silly gentlyRm /Users/debrenamcewen/.nvm/versions/node/v6.3.1/lib/node_modules/.staging/express-generator-8e165b3c/node_modules is being purged
549 verbose gentlyRm don't care about contents; nuking /Users/debrenamcewen/.nvm/versions/node/v6.3.1/lib/node_modules/.staging/express-generator-8e165b3c/node_modules
550 silly gentlyRm /Users/debrenamcewen/.nvm/versions/node/v6.3.1/lib/node_modules/.staging/ejs-7b7c4f52/node_modules is being purged
551 verbose gentlyRm don't care about contents; nuking /Users/debrenamcewen/.nvm/versions/node/v6.3.1/lib/node_modules/.staging/ejs-7b7c4f52/node_modules
552 silly doParallel preinstall 3
553 silly preinstall ejs@2.5.6 /Users/debrenamcewen/.nvm/versions/node/v6.3.1/lib/node_modules/.staging/ejs-7b7c4f52
554 info lifecycle ejs@2.5.6~preinstall: ejs@2.5.6
555 silly preinstall sorted-object@2.0.1 /Users/debrenamcewen/.nvm/versions/node/v6.3.1/lib/node_modules/.staging/sorted-object-c88f34b9
556 info lifecycle sorted-object@2.0.1~preinstall: sorted-object@2.0.1
557 silly preinstall express-generator@4.15.0 /Users/debrenamcewen/.nvm/versions/node/v6.3.1/lib/node_modules/.staging/express-generator-8e165b3c
558 info lifecycle express-generator@4.15.0~preinstall: express-generator@4.15.0
559 silly lifecycle ejs@2.5.6~preinstall: no script for preinstall, continuing
560 silly lifecycle sorted-object@2.0.1~preinstall: no script for preinstall, continuing
561 silly lifecycle express-generator@4.15.0~preinstall: no script for preinstall, continuing
562 silly doReverseSerial remove 0
563 silly doSerial move 0
564 silly doSerial finalize 3
565 silly finalize /Users/debrenamcewen/.nvm/versions/node/v6.3.1/lib/node_modules/express-generator/node_modules/ejs
566 silly finalize /Users/debrenamcewen/.nvm/versions/node/v6.3.1/lib/node_modules/express-generator/node_modules/sorted-object
567 silly finalize /Users/debrenamcewen/.nvm/versions/node/v6.3.1/lib/node_modules/express-generator
568 silly doSerial build 3
569 silly build ejs@2.5.6
570 info linkStuff ejs@2.5.6
571 silly linkStuff ejs@2.5.6 has /Users/debrenamcewen/.nvm/versions/node/v6.3.1/lib/node_modules/express-generator/node_modules as its parent node_modules
572 silly linkStuff ejs@2.5.6 is part of a global install
573 silly linkStuff ejs@2.5.6 is installed into a global node_modules
574 verbose linkBins ejs@2.5.6
575 verbose linkMans ejs@2.5.6
576 silly build sorted-object@2.0.1
577 info linkStuff sorted-object@2.0.1
578 silly linkStuff sorted-object@2.0.1 has /Users/debrenamcewen/.nvm/versions/node/v6.3.1/lib/node_modules/express-generator/node_modules as its parent node_modules
579 silly linkStuff sorted-object@2.0.1 is part of a global install
580 silly linkStuff sorted-object@2.0.1 is installed into a global node_modules
581 verbose linkBins sorted-object@2.0.1
582 verbose linkMans sorted-object@2.0.1
583 silly build express-generator@4.15.0
584 info linkStuff express-generator@4.15.0
585 silly linkStuff express-generator@4.15.0 has /Users/debrenamcewen/.nvm/versions/node/v6.3.1/lib/node_modules as its parent node_modules
586 silly linkStuff express-generator@4.15.0 is part of a global install
587 silly linkStuff express-generator@4.15.0 is installed into a global node_modules
588 silly linkStuff express-generator@4.15.0 is installed into the top-level global node_modules
589 verbose linkBins express-generator@4.15.0
590 verbose link bins [ { express: './bin/express-cli.js' },
590 verbose link bins   '/Users/debrenamcewen/.nvm/versions/node/v6.3.1/bin',
590 verbose link bins   true ]
591 verbose linkMans express-generator@4.15.0
592 silly gentlyRm /Users/debrenamcewen/.nvm/versions/node/v6.3.1/bin/express is being gently removed
593 silly gentlyRm parent.path = /Users/debrenamcewen/.nvm/versions/node/v6.3.1
594 silly gentlyRm parent.managed = /Users/debrenamcewen/.nvm/versions/node/v6.3.1 is in /Users/debrenamcewen/.nvm/versions/node/v6.3.1
595 silly gentlyRm target.path =  /Users/debrenamcewen/.nvm/versions/node/v6.3.1/bin/express
596 silly gentlyRm target.symlink = ../lib/node_modules/express-generator/bin/express
597 silly gentlyRm target.managed = false
598 silly gentlyRm target.inParent =  false
599 verbose unlock done using /Users/debrenamcewen/.npm/_locks/staging-dc1271af333f2185.lock for /Users/debrenamcewen/.nvm/versions/node/v6.3.1/lib/node_modules/.staging
600 silly rollbackFailedOptional Starting
601 silly rollbackFailedOptional Finishing
602 silly runTopLevelLifecycles Starting
603 silly runTopLevelLifecycles Finishing
604 silly install printInstalled
605 verbose stack Error: Refusing to delete /Users/debrenamcewen/.nvm/versions/node/v6.3.1/bin/express: ../lib/node_modules/express-generator/bin/express symlink target is not controlled by npm /Users/debrenamcewen/.nvm/versions/node/v6.3.1
605 verbose stack     at clobberFail (/Users/debrenamcewen/.nvm/versions/node/v6.3.1/lib/node_modules/npm/lib/utils/gently-rm.js:162:12)
605 verbose stack     at isSafeToRm (/Users/debrenamcewen/.nvm/versions/node/v6.3.1/lib/node_modules/npm/lib/utils/gently-rm.js:152:15)
605 verbose stack     at /Users/debrenamcewen/.nvm/versions/node/v6.3.1/lib/node_modules/npm/lib/utils/gently-rm.js:93:5
605 verbose stack     at LOOP (/Users/debrenamcewen/.nvm/versions/node/v6.3.1/lib/node_modules/npm/node_modules/slide/lib/chain.js:7:26)
605 verbose stack     at /Users/debrenamcewen/.nvm/versions/node/v6.3.1/lib/node_modules/npm/node_modules/slide/lib/chain.js:18:7
605 verbose stack     at /Users/debrenamcewen/.nvm/versions/node/v6.3.1/lib/node_modules/npm/lib/utils/gently-rm.js:179:14
605 verbose stack     at /Users/debrenamcewen/.nvm/versions/node/v6.3.1/lib/node_modules/npm/node_modules/iferr/index.js:11:16
605 verbose stack     at /Users/debrenamcewen/.nvm/versions/node/v6.3.1/lib/node_modules/npm/node_modules/iferr/index.js:11:16
605 verbose stack     at /Users/debrenamcewen/.nvm/versions/node/v6.3.1/lib/node_modules/npm/node_modules/iferr/index.js:11:16
605 verbose stack     at /Users/debrenamcewen/.nvm/versions/node/v6.3.1/lib/node_modules/npm/node_modules/iferr/index.js:11:16
606 verbose cwd /Users/debrenamcewen/guild/Dubo
607 error Darwin 16.3.0
608 error argv "/Users/debrenamcewen/.nvm/versions/node/v6.3.1/bin/node" "/Users/debrenamcewen/.nvm/versions/node/v6.3.1/bin/npm" "install" "express-generator" "-g"
609 error node v6.3.1
610 error npm  v3.10.3
611 error path /Users/debrenamcewen/.nvm/versions/node/v6.3.1/bin/express
612 error code EEXIST
613 error Refusing to delete /Users/debrenamcewen/.nvm/versions/node/v6.3.1/bin/express: ../lib/node_modules/express-generator/bin/express symlink target is not controlled by npm /Users/debrenamcewen/.nvm/versions/node/v6.3.1
614 error File exists: /Users/debrenamcewen/.nvm/versions/node/v6.3.1/bin/express
615 error Move it away, and try again.
616 verbose exit [ 1, true ]
